[0m2021.02.10 12:02:23 INFO  Started: Metals version 0.9.10 in workspace '/home/jorge/dotfiles/nvim/modules' for client coc.nvim 0.0.80.[0m
[0m2021.02.10 12:02:24 INFO  time: initialize in 1.24s[0m
[0m2021.02.10 12:02:25 WARN  Build server is not auto-connectable.[0m
[0m2021.02.10 12:02:25 WARN  no build tool detected in workspace '/home/jorge/dotfiles/nvim/modules'. The most common cause for this problem is that the editor was opened in the wrong working directory, for example if you use sbt then the workspace directory should contain build.sbt. [0m
[0m2021.02.10 12:02:27 INFO  no build target: using presentation compiler with only scala-library[0m
Feb 10, 2021 12:02:28 PM scala.meta.internal.pc.CompilerAccess handleError
SEVERE: file%3A%2F%2F%2Fhome%2Fjorge%2Fscratch.scala:1: error: expected class or object definition val
val A = List(1, 2, 3)
^
file%3A%2F%2F%2Fhome%2Fjorge%2Fscratch.scala:1: error: expected class or object definition val
val A = List(1, 2, 3)
^
	at scala.meta.internal.parsers.Reporter.syntaxError(Reporter.scala:16)
	at scala.meta.internal.parsers.Reporter.syntaxError$(Reporter.scala:16)
	at scala.meta.internal.parsers.Reporter$$anon$1.syntaxError(Reporter.scala:22)
	at scala.meta.internal.parsers.Reporter.syntaxError(Reporter.scala:17)
	at scala.meta.internal.parsers.Reporter.syntaxError$(Reporter.scala:17)
	at scala.meta.internal.parsers.Reporter$$anon$1.syntaxError(Reporter.scala:22)
	at scala.meta.internal.parsers.ScalametaParser.statSeq(ScalametaParser.scala:4655)
	at scala.meta.internal.parsers.ScalametaParser.topStatSeq(ScalametaParser.scala:4662)
	at scala.meta.internal.parsers.ScalametaParser.$anonfun$batchSource$1(ScalametaParser.scala:4876)
	at scala.meta.internal.parsers.ScalametaParser.atPos(ScalametaParser.scala:704)
	at scala.meta.internal.parsers.ScalametaParser.autoPos(ScalametaParser.scala:720)
	at scala.meta.internal.parsers.ScalametaParser.batchSource(ScalametaParser.scala:4842)
	at scala.meta.internal.parsers.ScalametaParser.$anonfun$source$1(ScalametaParser.scala:4825)
	at scala.meta.internal.parsers.ScalametaParser.atPos(ScalametaParser.scala:704)
	at scala.meta.internal.parsers.ScalametaParser.autoPos(ScalametaParser.scala:720)
	at scala.meta.internal.parsers.ScalametaParser.source(ScalametaParser.scala:4824)
	at scala.meta.internal.parsers.ScalametaParser.entrypointSource(ScalametaParser.scala:4830)
	at scala.meta.internal.parsers.ScalametaParser.$anonfun$parseSource$2(ScalametaParser.scala:142)
	at scala.meta.internal.parsers.ScalametaParser.parseRule(ScalametaParser.scala:52)
	at scala.meta.internal.parsers.ScalametaParser.parseSource(ScalametaParser.scala:142)
	at scala.meta.parsers.Parse$.$anonfun$parseSource$1(Parse.scala:29)
	at scala.meta.internal.parsers.ScalametaParser$$anon$259.apply(ScalametaParser.scala:4887)
	at scala.meta.parsers.Api$XtensionParseDialectInput.parse(Api.scala:25)
	at scala.meta.internal.semanticdb.scalac.ParseOps$XtensionCompilationUnitSource.toSource(ParseOps.scala:11)
	at scala.meta.internal.semanticdb.scalac.TextDocumentOps$XtensionCompilationUnitDocument.toTextDocument(TextDocumentOps.scala:196)
	at scala.meta.internal.pc.SemanticdbTextDocumentProvider.textDocument(SemanticdbTextDocumentProvider.scala:34)

[0m2021.02.10 12:02:27 WARN  no build target for: /home/jorge/scratch.scala[0m
Feb 10, 2021 12:02:28 PM scala.meta.internal.pc.CompilerAccess handleError
SEVERE: file%3A%2F%2F%2Fhome%2Fjorge%2Fscratch.scala:1: error: expected class or object definition val
val A = List(1, 2, 3)
^
file%3A%2F%2F%2Fhome%2Fjorge%2Fscratch.scala:1: error: expected class or object definition val
val A = List(1, 2, 3)
^
	at scala.meta.internal.parsers.Reporter.syntaxError(Reporter.scala:16)
	at scala.meta.internal.parsers.Reporter.syntaxError$(Reporter.scala:16)
	at scala.meta.internal.parsers.Reporter$$anon$1.syntaxError(Reporter.scala:22)
	at scala.meta.internal.parsers.Reporter.syntaxError(Reporter.scala:17)
	at scala.meta.internal.parsers.Reporter.syntaxError$(Reporter.scala:17)
	at scala.meta.internal.parsers.Reporter$$anon$1.syntaxError(Reporter.scala:22)
	at scala.meta.internal.parsers.ScalametaParser.statSeq(ScalametaParser.scala:4655)
	at scala.meta.internal.parsers.ScalametaParser.topStatSeq(ScalametaParser.scala:4662)
	at scala.meta.internal.parsers.ScalametaParser.$anonfun$batchSource$1(ScalametaParser.scala:4876)
	at scala.meta.internal.parsers.ScalametaParser.atPos(ScalametaParser.scala:704)
	at scala.meta.internal.parsers.ScalametaParser.autoPos(ScalametaParser.scala:720)
	at scala.meta.internal.parsers.ScalametaParser.batchSource(ScalametaParser.scala:4842)
	at scala.meta.internal.parsers.ScalametaParser.$anonfun$source$1(ScalametaParser.scala:4825)
	at scala.meta.internal.parsers.ScalametaParser.atPos(ScalametaParser.scala:704)
	at scala.meta.internal.parsers.ScalametaParser.autoPos(ScalametaParser.scala:720)
	at scala.meta.internal.parsers.ScalametaParser.source(ScalametaParser.scala:4824)
	at scala.meta.internal.parsers.ScalametaParser.entrypointSource(ScalametaParser.scala:4830)
	at scala.meta.internal.parsers.ScalametaParser.$anonfun$parseSource$2(ScalametaParser.scala:142)
	at scala.meta.internal.parsers.ScalametaParser.parseRule(ScalametaParser.scala:52)
	at scala.meta.internal.parsers.ScalametaParser.parseSource(ScalametaParser.scala:142)
	at scala.meta.parsers.Parse$.$anonfun$parseSource$1(Parse.scala:29)
	at scala.meta.internal.parsers.ScalametaParser$$anon$259.apply(ScalametaParser.scala:4887)
	at scala.meta.parsers.Api$XtensionParseDialectInput.parse(Api.scala:25)
	at scala.meta.internal.semanticdb.scalac.ParseOps$XtensionCompilationUnitSource.toSource(ParseOps.scala:11)
	at scala.meta.internal.semanticdb.scalac.TextDocumentOps$XtensionCompilationUnitDocument.toTextDocument(TextDocumentOps.scala:196)
	at scala.meta.internal.pc.SemanticdbTextDocumentProvider.textDocument(SemanticdbTextDocumentProvider.scala:34)

Feb 10, 2021 12:03:05 PM org.eclipse.lsp4j.jsonrpc.services.GenericEndpoint notify
INFO: Unsupported notification method: $/setTraceNotification
[0m2021.02.10 12:03:12 INFO  Started: Metals version 0.9.10 in workspace '/home/jorge/dotfiles/nvim/modules' for client coc.nvim 0.0.80.[0m
[0m2021.02.10 12:03:13 INFO  time: initialize in 1.16s[0m
[0m2021.02.10 12:03:16 WARN  Build server is not auto-connectable.[0m
[0m2021.02.10 12:03:16 WARN  no build tool detected in workspace '/home/jorge/dotfiles/nvim/modules'. The most common cause for this problem is that the editor was opened in the wrong working directory, for example if you use sbt then the workspace directory should contain build.sbt. [0m
[0m2021.02.10 12:03:19 INFO  no build target: using presentation compiler with only scala-library[0m
Feb 10, 2021 12:03:21 PM scala.meta.internal.pc.CompilerAccess handleError
SEVERE: file%3A%2F%2F%2Fhome%2Fjorge%2Fscratch.scala:1: error: expected class or object definition val
val A = List(1, 2, 3)
^
file%3A%2F%2F%2Fhome%2Fjorge%2Fscratch.scala:1: error: expected class or object definition val
val A = List(1, 2, 3)
^
	at scala.meta.internal.parsers.Reporter.syntaxError(Reporter.scala:16)
	at scala.meta.internal.parsers.Reporter.syntaxError$(Reporter.scala:16)
	at scala.meta.internal.parsers.Reporter$$anon$1.syntaxError(Reporter.scala:22)
	at scala.meta.internal.parsers.Reporter.syntaxError(Reporter.scala:17)
	at scala.meta.internal.parsers.Reporter.syntaxError$(Reporter.scala:17)
	at scala.meta.internal.parsers.Reporter$$anon$1.syntaxError(Reporter.scala:22)
	at scala.meta.internal.parsers.ScalametaParser.statSeq(ScalametaParser.scala:4655)
	at scala.meta.internal.parsers.ScalametaParser.topStatSeq(ScalametaParser.scala:4662)
	at scala.meta.internal.parsers.ScalametaParser.$anonfun$batchSource$1(ScalametaParser.scala:4876)
	at scala.meta.internal.parsers.ScalametaParser.atPos(ScalametaParser.scala:704)
	at scala.meta.internal.parsers.ScalametaParser.autoPos(ScalametaParser.scala:720)
	at scala.meta.internal.parsers.ScalametaParser.batchSource(ScalametaParser.scala:4842)
	at scala.meta.internal.parsers.ScalametaParser.$anonfun$source$1(ScalametaParser.scala:4825)
	at scala.meta.internal.parsers.ScalametaParser.atPos(ScalametaParser.scala:704)
	at scala.meta.internal.parsers.ScalametaParser.autoPos(ScalametaParser.scala:720)
	at scala.meta.internal.parsers.ScalametaParser.source(ScalametaParser.scala:4824)
	at scala.meta.internal.parsers.ScalametaParser.entrypointSource(ScalametaParser.scala:4830)
	at scala.meta.internal.parsers.ScalametaParser.$anonfun$parseSource$2(ScalametaParser.scala:142)
	at scala.meta.internal.parsers.ScalametaParser.parseRule(ScalametaParser.scala:52)
	at scala.meta.internal.parsers.ScalametaParser.parseSource(ScalametaParser.scala:142)
	at scala.meta.parsers.Parse$.$anonfun$parseSource$1(Parse.scala:29)
	at scala.meta.internal.parsers.ScalametaParser$$anon$259.apply(ScalametaParser.scala:4887)
	at scala.meta.parsers.Api$XtensionParseDialectInput.parse(Api.scala:25)
	at scala.meta.internal.semanticdb.scalac.ParseOps$XtensionCompilationUnitSource.toSource(ParseOps.scala:11)
	at scala.meta.internal.semanticdb.scalac.TextDocumentOps$XtensionCompilationUnitDocument.toTextDocument(TextDocumentOps.scala:196)
	at scala.meta.internal.pc.SemanticdbTextDocumentProvider.textDocument(SemanticdbTextDocumentProvider.scala:34)

[0m2021.02.10 12:03:21 WARN  no build target for: /home/jorge/scratch.scala[0m
Feb 10, 2021 12:03:21 PM scala.meta.internal.pc.CompilerAccess handleError
SEVERE: file%3A%2F%2F%2Fhome%2Fjorge%2Fscratch.scala:1: error: expected class or object definition val
val A = List(1, 2, 3)
^
file%3A%2F%2F%2Fhome%2Fjorge%2Fscratch.scala:1: error: expected class or object definition val
val A = List(1, 2, 3)
^
	at scala.meta.internal.parsers.Reporter.syntaxError(Reporter.scala:16)
	at scala.meta.internal.parsers.Reporter.syntaxError$(Reporter.scala:16)
	at scala.meta.internal.parsers.Reporter$$anon$1.syntaxError(Reporter.scala:22)
	at scala.meta.internal.parsers.Reporter.syntaxError(Reporter.scala:17)
	at scala.meta.internal.parsers.Reporter.syntaxError$(Reporter.scala:17)
	at scala.meta.internal.parsers.Reporter$$anon$1.syntaxError(Reporter.scala:22)
	at scala.meta.internal.parsers.ScalametaParser.statSeq(ScalametaParser.scala:4655)
	at scala.meta.internal.parsers.ScalametaParser.topStatSeq(ScalametaParser.scala:4662)
	at scala.meta.internal.parsers.ScalametaParser.$anonfun$batchSource$1(ScalametaParser.scala:4876)
	at scala.meta.internal.parsers.ScalametaParser.atPos(ScalametaParser.scala:704)
	at scala.meta.internal.parsers.ScalametaParser.autoPos(ScalametaParser.scala:720)
	at scala.meta.internal.parsers.ScalametaParser.batchSource(ScalametaParser.scala:4842)
	at scala.meta.internal.parsers.ScalametaParser.$anonfun$source$1(ScalametaParser.scala:4825)
	at scala.meta.internal.parsers.ScalametaParser.atPos(ScalametaParser.scala:704)
	at scala.meta.internal.parsers.ScalametaParser.autoPos(ScalametaParser.scala:720)
	at scala.meta.internal.parsers.ScalametaParser.source(ScalametaParser.scala:4824)
	at scala.meta.internal.parsers.ScalametaParser.entrypointSource(ScalametaParser.scala:4830)
	at scala.meta.internal.parsers.ScalametaParser.$anonfun$parseSource$2(ScalametaParser.scala:142)
	at scala.meta.internal.parsers.ScalametaParser.parseRule(ScalametaParser.scala:52)
	at scala.meta.internal.parsers.ScalametaParser.parseSource(ScalametaParser.scala:142)
	at scala.meta.parsers.Parse$.$anonfun$parseSource$1(Parse.scala:29)
	at scala.meta.internal.parsers.ScalametaParser$$anon$259.apply(ScalametaParser.scala:4887)
	at scala.meta.parsers.Api$XtensionParseDialectInput.parse(Api.scala:25)
	at scala.meta.internal.semanticdb.scalac.ParseOps$XtensionCompilationUnitSource.toSource(ParseOps.scala:11)
	at scala.meta.internal.semanticdb.scalac.TextDocumentOps$XtensionCompilationUnitDocument.toTextDocument(TextDocumentOps.scala:196)
	at scala.meta.internal.pc.SemanticdbTextDocumentProvider.textDocument(SemanticdbTextDocumentProvider.scala:34)

